[05/Nov/2018 17:24:01] "GET / HTTP/1.1" 200 3260
[05/Nov/2018 17:24:19] "GET / HTTP/1.1" 200 3260
[05/Nov/2018 17:24:20] "GET /static/css/bootstrap.min.css HTTP/1.1" 200 124962
[05/Nov/2018 17:24:20] "GET /static/css/app.css HTTP/1.1" 200 417
[05/Nov/2018 17:24:20] "GET /static/js/jquery-3.2.1.min.js HTTP/1.1" 200 86659
[05/Nov/2018 17:24:20] "GET /static/js/popper.min.js HTTP/1.1" 200 19236
[05/Nov/2018 17:24:20] "GET /static/js/bootstrap.min.js HTTP/1.1" 200 51143
[05/Nov/2018 17:24:21] "GET /static/img/DO_Powered_by_Badge_black.png HTTP/1.1" 200 7538
Not Found: /favicon.ico
[05/Nov/2018 17:24:21] "GET /favicon.ico HTTP/1.1" 404 4408
[05/Nov/2018 17:24:27] "GET / HTTP/1.1" 200 3260
[05/Nov/2018 17:24:28] "GET /static/js/popper.min.js HTTP/1.1" 200 19236
[05/Nov/2018 17:24:28] "GET /static/js/jquery-3.2.1.min.js HTTP/1.1" 200 86659
Not Found: /play/aHR0cHM6Ly93d3cuMzYwa2FuLmNvbS9jdC9RVURtY1o3bExZV3VDRC5odG1s.html
[05/Nov/2018 17:25:04] "GET /play/aHR0cHM6Ly93d3cuMzYwa2FuLmNvbS9jdC9RVURtY1o3bExZV3VDRC5odG1s.html HTTP/1.1" 404 4583
[05/Nov/2018 17:25:47] "GET / HTTP/1.1" 200 3260
[05/Nov/2018 17:25:48] "GET /static/css/bootstrap.min.css HTTP/1.1" 200 124962
[05/Nov/2018 17:25:48] "GET /static/css/app.css HTTP/1.1" 200 417
[05/Nov/2018 17:25:48] "GET /static/js/bootstrap.min.js HTTP/1.1" 200 51143
[05/Nov/2018 17:25:48] "GET /static/js/jquery-3.2.1.min.js HTTP/1.1" 200 86659
[05/Nov/2018 17:25:48] "GET /static/js/popper.min.js HTTP/1.1" 200 19236
[05/Nov/2018 17:25:50] "GET /static/img/DO_Powered_by_Badge_black.png HTTP/1.1" 200 7538
Not Found: /favicon.ico
[05/Nov/2018 17:25:50] "GET /favicon.ico HTTP/1.1" 404 4408
Not Found: /zylist/104/1.html
[05/Nov/2018 17:25:53] "GET /zylist/104/1.html HTTP/1.1" 404 4424
[05/Nov/2018 17:25:59] "GET / HTTP/1.1" 200 3260
[05/Nov/2018 17:25:59] "GET /static/js/jquery-3.2.1.min.js HTTP/1.1" 304 0
[05/Nov/2018 17:25:59] "GET /static/js/popper.min.js HTTP/1.1" 304 0
[05/Nov/2018 17:26:00] "GET /static/js/bootstrap.min.js HTTP/1.1" 304 0
[05/Nov/2018 17:26:00] "GET /static/css/bootstrap.min.css HTTP/1.1" 200 124962
[05/Nov/2018 17:26:00] "GET /static/css/app.css HTTP/1.1" 304 0
[05/Nov/2018 17:26:00] "GET /static/img/DO_Powered_by_Badge_black.png HTTP/1.1" 304 0
Not Found: /favicon.ico
[05/Nov/2018 17:26:01] "GET /favicon.ico HTTP/1.1" 404 4408
[05/Nov/2018 17:26:01] "GET / HTTP/1.1" 200 3260
[05/Nov/2018 17:26:01] "GET /static/css/app.css HTTP/1.1" 200 417
[05/Nov/2018 17:26:01] "GET /static/css/bootstrap.min.css HTTP/1.1" 200 124962
[05/Nov/2018 17:26:01] "GET /static/js/jquery-3.2.1.min.js HTTP/1.1" 200 86659
[05/Nov/2018 17:26:01] "GET /static/js/popper.min.js HTTP/1.1" 200 19236
[05/Nov/2018 17:26:01] "GET /static/js/bootstrap.min.js HTTP/1.1" 200 51143
[05/Nov/2018 17:26:04] "GET /static/img/DO_Powered_by_Badge_black.png HTTP/1.1" 200 7538
Not Found: /favicon.ico
[05/Nov/2018 17:26:04] "GET /favicon.ico HTTP/1.1" 404 4408
[05/Nov/2018 17:26:17] "GET /login/ HTTP/1.1" 200 2242
[05/Nov/2018 17:26:17] "GET /static/css/accounts.css HTTP/1.1" 200 199
[05/Nov/2018 17:26:18] "GET /static/img/shattered.png HTTP/1.1" 200 137733
Not Found: /favicon.ico
[05/Nov/2018 17:26:18] "GET /favicon.ico HTTP/1.1" 404 4408
[05/Nov/2018 17:26:38] "POST /login/ HTTP/1.1" 302 0
[05/Nov/2018 17:26:39] "GET / HTTP/1.1" 200 3812
Not Found: /favicon.ico
[05/Nov/2018 17:26:39] "GET /favicon.ico HTTP/1.1" 404 4408
[05/Nov/2018 17:26:42] "GET /settings/password/ HTTP/1.1" 200 4321
Not Found: /favicon.ico
[05/Nov/2018 17:26:42] "GET /favicon.ico HTTP/1.1" 404 4408
[05/Nov/2018 17:26:57] "GET / HTTP/1.1" 200 3812
Not Found: /play/aHR0cHM6Ly93d3cuMzYwa2FuLmNvbS92YS9aOGdyYTNOeTdKRUFFVC5odG1s.html
[05/Nov/2018 17:28:30] "GET /play/aHR0cHM6Ly93d3cuMzYwa2FuLmNvbS92YS9aOGdyYTNOeTdKRUFFVC5odG1s.html HTTP/1.1" 404 4583
Not Found: /play/aHR0cHM6Ly93d3cuMzYwa2FuLmNvbS90di9RNEZ4YzNYY1JtNHRNbi5odG1s.html
[05/Nov/2018 17:30:07] "GET /play/aHR0cHM6Ly93d3cuMzYwa2FuLmNvbS90di9RNEZ4YzNYY1JtNHRNbi5odG1s.html HTTP/1.1" 404 4583
